<?xml version="1.0" encoding="UTF-8"?>
<testsuite xmlns:xsi="http://www.w3.org/2001/XMLSchema-instance" xsi:noNamespaceSchemaLocation="https://maven.apache.org/surefire/maven-surefire-plugin/xsd/surefire-test-report.xsd" name="com.first_junit_test.CalculatorTest" time="0.026" tests="1" errors="0" skipped="0" failures="0">
  <properties>
    <property name="java.specification.version" value="21"/>
    <property name="sun.cpu.isalist" value="amd64"/>
    <property name="sun.jnu.encoding" value="Cp1252"/>
    <property name="java.class.path" value="D:\DIO_backend_java\bootcamp-backend-java-dio\Exercicios-aulas\Testes unitários com JUnit\first_junit_test\target\test-classes;D:\DIO_backend_java\bootcamp-backend-java-dio\Exercicios-aulas\Testes unitários com JUnit\first_junit_test\target\classes;C:\Users\Douglas Silva\.m2\repository\junit\junit\4.11\junit-4.11.jar;C:\Users\Douglas Silva\.m2\repository\org\hamcrest\hamcrest-core\1.3\hamcrest-core-1.3.jar;"/>
    <property name="java.vm.vendor" value="Eclipse Adoptium"/>
    <property name="sun.arch.data.model" value="64"/>
    <property name="user.variant" value=""/>
    <property name="java.vendor.url" value="https://adoptium.net/"/>
    <property name="user.timezone" value="America/Sao_Paulo"/>
    <property name="os.name" value="Windows 10"/>
    <property name="java.vm.specification.version" value="21"/>
    <property name="sun.java.launcher" value="SUN_STANDARD"/>
    <property name="user.country" value="BR"/>
    <property name="sun.boot.library.path" value="C:\Program Files\Eclipse Adoptium\jdk-21.0.5.11-hotspot\bin"/>
    <property name="sun.java.command" value="C:\Users\DOUGLA~1\AppData\Local\Temp\surefire15600229892058791039\surefirebooter6461979640766170863.jar C:\Users\Douglas Silva\AppData\Local\Temp\surefire15600229892058791039 2025-01-17T00-07-01_521-jvmRun1 surefire8910359779509230038tmp surefire_018299959719464696489tmp"/>
    <property name="jdk.debug" value="release"/>
    <property name="surefire.test.class.path" value="D:\DIO_backend_java\bootcamp-backend-java-dio\Exercicios-aulas\Testes unitários com JUnit\first_junit_test\target\test-classes;D:\DIO_backend_java\bootcamp-backend-java-dio\Exercicios-aulas\Testes unitários com JUnit\first_junit_test\target\classes;C:\Users\Douglas Silva\.m2\repository\junit\junit\4.11\junit-4.11.jar;C:\Users\Douglas Silva\.m2\repository\org\hamcrest\hamcrest-core\1.3\hamcrest-core-1.3.jar;"/>
    <property name="sun.cpu.endian" value="little"/>
    <property name="user.home" value="C:\Users\Douglas Silva"/>
    <property name="user.language" value="pt"/>
    <property name="java.specification.vendor" value="Oracle Corporation"/>
    <property name="java.version.date" value="2024-10-15"/>
    <property name="java.home" value="C:\Program Files\Eclipse Adoptium\jdk-21.0.5.11-hotspot"/>
    <property name="file.separator" value="\"/>
    <property name="basedir" value="D:\DIO_backend_java\bootcamp-backend-java-dio\Exercicios-aulas\Testes unitários com JUnit\first_junit_test"/>
    <property name="java.vm.compressedOopsMode" value="Zero based"/>
    <property name="line.separator" value="&#10;"/>
    <property name="java.vm.specification.vendor" value="Oracle Corporation"/>
    <property name="java.specification.name" value="Java Platform API Specification"/>
    <property name="surefire.real.class.path" value="C:\Users\DOUGLA~1\AppData\Local\Temp\surefire15600229892058791039\surefirebooter6461979640766170863.jar"/>
    <property name="user.script" value=""/>
    <property name="sun.management.compiler" value="HotSpot 64-Bit Tiered Compilers"/>
    <property name="java.runtime.version" value="21.0.5+11-LTS"/>
    <property name="user.name" value="Douglas Silva"/>
    <property name="stdout.encoding" value="Cp1252"/>
    <property name="path.separator" value=";"/>
    <property name="os.version" value="10.0"/>
    <property name="java.runtime.name" value="OpenJDK Runtime Environment"/>
    <property name="file.encoding" value="UTF-8"/>
    <property name="java.vm.name" value="OpenJDK 64-Bit Server VM"/>
    <property name="java.vendor.version" value="Temurin-21.0.5+11"/>
    <property name="localRepository" value="C:\Users\Douglas Silva\.m2\repository"/>
    <property name="java.vendor.url.bug" value="https://github.com/adoptium/adoptium-support/issues"/>
    <property name="java.io.tmpdir" value="C:\Users\DOUGLA~1\AppData\Local\Temp\"/>
    <property name="java.version" value="21.0.5"/>
    <property name="user.dir" value="D:\DIO_backend_java\bootcamp-backend-java-dio\Exercicios-aulas\Testes unitários com JUnit\first_junit_test"/>
    <property name="os.arch" value="amd64"/>
    <property name="java.vm.specification.name" value="Java Virtual Machine Specification"/>
    <property name="sun.os.patch.level" value=""/>
    <property name="native.encoding" value="Cp1252"/>
    <property name="java.library.path" value="C:\Program Files\Eclipse Adoptium\jdk-21.0.5.11-hotspot\bin;C:\Windows\Sun\Java\bin;C:\Windows\system32;C:\Windows;C:\Program Files\Eclipse Adoptium\jdk-21.0.5.11-hotspot\bin;C:\Program Files\Common Files\Oracle\Java\javapath;C:\Windows\system32;C:\Windows;C:\Windows\System32\Wbem;C:\Windows\System32\WindowsPowerShell\v1.0\;C:\Windows\System32\OpenSSH\;C:\Program Files (x86)\HP\Common\HPDestPlgIn\;C:\Program Files\Git\cmd;C:\MinGW\bin;D:\Maven\apache-maven-3.9.9\bin;C:\Program Files\MySQL\MySQL Shell 8.0\bin\;C:\Users\Douglas Silva\AppData\Local\Programs\Python\Python312\Scripts\;C:\Users\Douglas Silva\AppData\Local\Programs\Python\Python312\;C:\Users\Douglas Silva\AppData\Local\Programs\Python\Launcher\;C:\Users\Douglas Silva\AppData\Local\Microsoft\WindowsApps;C:\Program Files (x86)\HP\Common\HPDestPlgIn\;C:\Users\Douglas Silva\AppData\Roaming\TinyTeX\bin\windows;C:\Users\Douglas Silva\PycharmProjects\pythonProject\.venv\Scripts;D:\Microsoft VS Code\bin;C:\Users\Douglas Silva\AppData\Local\GitHubDesktop\bin;C:\MinGW\bin;;."/>
    <property name="java.vm.info" value="mixed mode, sharing"/>
    <property name="stderr.encoding" value="Cp1252"/>
    <property name="java.vendor" value="Eclipse Adoptium"/>
    <property name="java.vm.version" value="21.0.5+11-LTS"/>
    <property name="sun.io.unicode.encoding" value="UnicodeLittle"/>
    <property name="java.class.version" value="65.0"/>
  </properties>
  <testcase name="sum" classname="com.first_junit_test.CalculatorTest" time="0.002"/>
</testsuite>